# JRE version: OpenJDK Runtime Environment (11.0.11+9) (build 11.0.11+9-b60-7590822)
# Java VM: OpenJDK 64-Bit Server VM (11.0.11+9-b60-7590822, mixed mode, tiered, compressed oops, g1 gc, windows-amd64)
Heap:
 garbage-first heap   total 260096K, used 163993K [0x0000000080000000, 0x0000000100000000)
  region size 1024K, 43 young (44032K), 3 survivors (3072K)
 Metaspace       used 127367K, capacity 131457K, committed 132044K, reserved 1163264K
  class space    used 16304K, capacity 17964K, committed 18124K, reserved 1048576K
GC Heap History (20 events):
Event: 384.260 GC heap before
{Heap before GC invocations=17 (full 0):
 garbage-first heap   total 260096K, used 228801K [0x0000000080000000, 0x0000000100000000)
  region size 1024K, 130 young (133120K), 17 survivors (17408K)
 Metaspace       used 99455K, capacity 102053K, committed 102348K, reserved 1138688K
  class space    used 12493K, capacity 13441K, committed 13516K, reserved 1048576K
}
Event: 384.270 GC heap after
{Heap after GC invocations=18 (full 0):
 garbage-first heap   total 260096K, used 88728K [0x0000000080000000, 0x0000000100000000)
  region size 1024K, 5 young (5120K), 5 survivors (5120K)
 Metaspace       used 99455K, capacity 102053K, committed 102348K, reserved 1138688K
  class space    used 12493K, capacity 13441K, committed 13516K, reserved 1048576K
}
Event: 520.126 GC heap before
{Heap before GC invocations=18 (full 0):
 garbage-first heap   total 260096K, used 207512K [0x0000000080000000, 0x0000000100000000)
  region size 1024K, 122 young (124928K), 5 survivors (5120K)
 Metaspace       used 100703K, capacity 103339K, committed 103500K, reserved 1138688K
  class space    used 12611K, capacity 13589K, committed 13644K, reserved 1048576K
}
Event: 520.136 GC heap after
{Heap after GC invocations=19 (full 0):
 garbage-first heap   total 260096K, used 88970K [0x0000000080000000, 0x0000000100000000)
  region size 1024K, 5 young (5120K), 5 survivors (5120K)
 Metaspace       used 100703K, capacity 103339K, committed 103500K, reserved 1138688K
  class space    used 12611K, capacity 13589K, committed 13644K, reserved 1048576K
}
Event: 544.973 GC heap before
{Heap before GC invocations=19 (full 0):
 garbage-first heap   total 260096K, used 221066K [0x0000000080000000, 0x0000000100000000)
  region size 1024K, 125 young (128000K), 5 survivors (5120K)
 Metaspace       used 101085K, capacity 103720K, committed 103756K, reserved 1138688K
  class space    used 12626K, capacity 13615K, committed 13644K, reserved 1048576K
}
Event: 544.990 GC heap after
{Heap after GC invocations=20 (full 0):
 garbage-first heap   total 260096K, used 111683K [0x0000000080000000, 0x0000000100000000)
  region size 1024K, 16 young (16384K), 16 survivors (16384K)
 Metaspace       used 101085K, capacity 103720K, committed 103756K, reserved 1138688K
  class space    used 12626K, capacity 13615K, committed 13644K, reserved 1048576K
}
Event: 546.388 GC heap before
{Heap before GC invocations=20 (full 0):
 garbage-first heap   total 260096K, used 215107K [0x0000000080000000, 0x0000000100000000)
  region size 1024K, 103 young (105472K), 16 survivors (16384K)
 Metaspace       used 101292K, capacity 104009K, committed 104140K, reserved 1140736K
  class space    used 12642K, capacity 13645K, committed 13772K, reserved 1048576K
}
Event: 546.404 GC heap after
{Heap after GC invocations=21 (full 0):
 garbage-first heap   total 260096K, used 123767K [0x0000000080000000, 0x0000000100000000)
  region size 1024K, 12 young (12288K), 12 survivors (12288K)
 Metaspace       used 101292K, capacity 104009K, committed 104140K, reserved 1140736K
  class space    used 12642K, capacity 13645K, committed 13772K, reserved 1048576K
}
Event: 546.796 GC heap before
{Heap before GC invocations=21 (full 0):
 garbage-first heap   total 260096K, used 203639K [0x0000000080000000, 0x0000000100000000)
  region size 1024K, 91 young (93184K), 12 survivors (12288K)
 Metaspace       used 102836K, capacity 105571K, committed 105804K, reserved 1140736K
  class space    used 12806K, capacity 13846K, committed 13900K, reserved 1048576K
}
Event: 546.807 GC heap after
{Heap after GC invocations=22 (full 0):
 garbage-first heap   total 260096K, used 126582K [0x0000000080000000, 0x0000000100000000)
  region size 1024K, 6 young (6144K), 6 survivors (6144K)
 Metaspace       used 102836K, capacity 105571K, committed 105804K, reserved 1140736K
  class space    used 12806K, capacity 13846K, committed 13900K, reserved 1048576K
}
Event: 547.236 GC heap before
{Heap before GC invocations=22 (full 0):
 garbage-first heap   total 260096K, used 158326K [0x0000000080000000, 0x0000000100000000)
  region size 1024K, 38 young (38912K), 6 survivors (6144K)
 Metaspace       used 109025K, capacity 111897K, committed 112076K, reserved 1146880K
  class space    used 13594K, capacity 14677K, committed 14796K, reserved 1048576K
}
Event: 547.248 GC heap after
{Heap after GC invocations=23 (full 0):
 garbage-first heap   total 260096K, used 128663K [0x0000000080000000, 0x0000000100000000)
  region size 1024K, 8 young (8192K), 8 survivors (8192K)
 Metaspace       used 109025K, capacity 111897K, committed 112076K, reserved 1146880K
  class space    used 13594K, capacity 14677K, committed 14796K, reserved 1048576K
}
Event: 548.228 GC heap before
{Heap before GC invocations=24 (full 0):
 garbage-first heap   total 260096K, used 202040K [0x0000000080000000, 0x0000000100000000)
  region size 1024K, 85 young (87040K), 8 survivors (8192K)
 Metaspace       used 113878K, capacity 116850K, committed 116940K, reserved 1150976K
  class space    used 14146K, capacity 15227K, committed 15308K, reserved 1048576K
}
Event: 548.235 GC heap after
{Heap after GC invocations=25 (full 0):
 garbage-first heap   total 260096K, used 124195K [0x0000000080000000, 0x0000000100000000)
  region size 1024K, 6 young (6144K), 6 survivors (6144K)
 Metaspace       used 113878K, capacity 116850K, committed 116940K, reserved 1150976K
  class space    used 14146K, capacity 15227K, committed 15308K, reserved 1048576K
}
Event: 548.282 GC heap before
{Heap before GC invocations=25 (full 0):
 garbage-first heap   total 260096K, used 130339K [0x0000000080000000, 0x0000000100000000)
  region size 1024K, 12 young (12288K), 6 survivors (6144K)
 Metaspace       used 115019K, capacity 118077K, committed 118220K, reserved 1153024K
  class space    used 14325K, capacity 15458K, committed 15564K, reserved 1048576K
}
Event: 548.293 GC heap after
{Heap after GC invocations=26 (full 0):
 garbage-first heap   total 260096K, used 105632K [0x0000000080000000, 0x0000000100000000)
  region size 1024K, 2 young (2048K), 2 survivors (2048K)
 Metaspace       used 115019K, capacity 118077K, committed 118220K, reserved 1153024K
  class space    used 14325K, capacity 15458K, committed 15564K, reserved 1048576K
}
Event: 548.851 GC heap before
{Heap before GC invocations=26 (full 0):
 garbage-first heap   total 260096K, used 200864K [0x0000000080000000, 0x0000000100000000)
  region size 1024K, 96 young (98304K), 2 survivors (2048K)
 Metaspace       used 123922K, capacity 127983K, committed 128076K, reserved 1159168K
  class space    used 15825K, capacity 17445K, committed 17484K, reserved 1048576K
}
Event: 548.861 GC heap after
{Heap after GC invocations=27 (full 0):
 garbage-first heap   total 260096K, used 113677K [0x0000000080000000, 0x0000000100000000)
  region size 1024K, 10 young (10240K), 10 survivors (10240K)
 Metaspace       used 123922K, capacity 127983K, committed 128076K, reserved 1159168K
  class space    used 15825K, capacity 17445K, committed 17484K, reserved 1048576K
}
Event: 549.411 GC heap before
{Heap before GC invocations=27 (full 0):
 garbage-first heap   total 260096K, used 187405K [0x0000000080000000, 0x0000000100000000)
  region size 1024K, 72 young (73728K), 10 survivors (10240K)
 Metaspace       used 127279K, capacity 131590K, committed 131788K, reserved 1163264K
  class space    used 16341K, capacity 18040K, committed 18124K, reserved 1048576K
}
Event: 549.418 GC heap after
{Heap after GC invocations=28 (full 0):
 garbage-first heap   total 260096K, used 124162K [0x0000000080000000, 0x0000000100000000)
  region size 1024K, 3 young (3072K), 3 survivors (3072K)
 Metaspace       used 127279K, capacity 131590K, committed 131788K, reserved 1163264K
  class space    used 16341K, capacity 18040K, committed 18124K, reserved 1048576K
}

