# JRE version: OpenJDK Runtime Environment (11.0.11+9) (build 11.0.11+9-b60-7590822)
# Java VM: OpenJDK 64-Bit Server VM (11.0.11+9-b60-7590822, mixed mode, tiered, compressed oops, g1 gc, windows-amd64)
Heap:
 garbage-first heap   total 260096K, used 82180K [0x0000000080000000, 0x0000000100000000)
  region size 1024K, 14 young (14336K), 9 survivors (9216K)
 Metaspace       used 92691K, capacity 95021K, committed 95052K, reserved 1138688K
  class space    used 11996K, capacity 12900K, committed 12928K, reserved 1048576K
GC Heap History (20 events):
Event: 1.491 GC heap after
{Heap after GC invocations=2 (full 0):
 garbage-first heap   total 260096K, used 16962K [0x0000000080000000, 0x0000000100000000)
  region size 1024K, 11 young (11264K), 11 survivors (11264K)
 Metaspace       used 20645K, capacity 21081K, committed 21248K, reserved 1067008K
  class space    used 2539K, capacity 2695K, committed 2816K, reserved 1048576K
}
Event: 1.785 GC heap before
{Heap before GC invocations=3 (full 0):
 garbage-first heap   total 260096K, used 59970K [0x0000000080000000, 0x0000000100000000)
  region size 1024K, 53 young (54272K), 11 survivors (11264K)
 Metaspace       used 24883K, capacity 25444K, committed 25472K, reserved 1071104K
  class space    used 3218K, capacity 3431K, committed 3456K, reserved 1048576K
}
Event: 1.790 GC heap after
{Heap after GC invocations=4 (full 0):
 garbage-first heap   total 260096K, used 18535K [0x0000000080000000, 0x0000000100000000)
  region size 1024K, 3 young (3072K), 3 survivors (3072K)
 Metaspace       used 24883K, capacity 25444K, committed 25472K, reserved 1071104K
  class space    used 3218K, capacity 3431K, committed 3456K, reserved 1048576K
}
Event: 2.397 GC heap before
{Heap before GC invocations=4 (full 0):
 garbage-first heap   total 260096K, used 89191K [0x0000000080000000, 0x0000000100000000)
  region size 1024K, 73 young (74752K), 3 survivors (3072K)
 Metaspace       used 35007K, capacity 35786K, committed 35840K, reserved 1081344K
  class space    used 4564K, capacity 4863K, committed 4864K, reserved 1048576K
}
Event: 2.405 GC heap after
{Heap after GC invocations=5 (full 0):
 garbage-first heap   total 260096K, used 22240K [0x0000000080000000, 0x0000000100000000)
  region size 1024K, 6 young (6144K), 6 survivors (6144K)
 Metaspace       used 35007K, capacity 35786K, committed 35840K, reserved 1081344K
  class space    used 4564K, capacity 4863K, committed 4864K, reserved 1048576K
}
Event: 3.359 GC heap before
{Heap before GC invocations=6 (full 0):
 garbage-first heap   total 260096K, used 156384K [0x0000000080000000, 0x0000000100000000)
  region size 1024K, 134 young (137216K), 6 survivors (6144K)
 Metaspace       used 45704K, capacity 46836K, committed 47052K, reserved 1089536K
  class space    used 5883K, capacity 6314K, committed 6400K, reserved 1048576K
}
Event: 3.367 GC heap after
{Heap after GC invocations=7 (full 0):
 garbage-first heap   total 260096K, used 29135K [0x0000000080000000, 0x0000000100000000)
  region size 1024K, 13 young (13312K), 13 survivors (13312K)
 Metaspace       used 45704K, capacity 46836K, committed 47052K, reserved 1089536K
  class space    used 5883K, capacity 6314K, committed 6400K, reserved 1048576K
}
Event: 4.425 GC heap before
{Heap before GC invocations=7 (full 0):
 garbage-first heap   total 260096K, used 174543K [0x0000000080000000, 0x0000000100000000)
  region size 1024K, 151 young (154624K), 13 survivors (13312K)
 Metaspace       used 57053K, capacity 58378K, committed 58444K, reserved 1099776K
  class space    used 7284K, capacity 7797K, committed 7808K, reserved 1048576K
}
Event: 4.437 GC heap after
{Heap after GC invocations=8 (full 0):
 garbage-first heap   total 260096K, used 44779K [0x0000000080000000, 0x0000000100000000)
  region size 1024K, 18 young (18432K), 18 survivors (18432K)
 Metaspace       used 57053K, capacity 58378K, committed 58444K, reserved 1099776K
  class space    used 7284K, capacity 7797K, committed 7808K, reserved 1048576K
}
Event: 4.534 GC heap before
{Heap before GC invocations=8 (full 0):
 garbage-first heap   total 260096K, used 51947K [0x0000000080000000, 0x0000000100000000)
  region size 1024K, 26 young (26624K), 18 survivors (18432K)
 Metaspace       used 58606K, capacity 60121K, committed 60236K, reserved 1101824K
  class space    used 7487K, capacity 8038K, committed 8064K, reserved 1048576K
}
Event: 4.549 GC heap after
{Heap after GC invocations=9 (full 0):
 garbage-first heap   total 260096K, used 47557K [0x0000000080000000, 0x0000000100000000)
  region size 1024K, 3 young (3072K), 3 survivors (3072K)
 Metaspace       used 58606K, capacity 60121K, committed 60236K, reserved 1101824K
  class space    used 7487K, capacity 8038K, committed 8064K, reserved 1048576K
}
Event: 5.666 GC heap before
{Heap before GC invocations=10 (full 0):
 garbage-first heap   total 260096K, used 192965K [0x0000000080000000, 0x0000000100000000)
  region size 1024K, 145 young (148480K), 3 survivors (3072K)
 Metaspace       used 70227K, capacity 71939K, committed 72268K, reserved 1112064K
  class space    used 9148K, capacity 9781K, committed 9856K, reserved 1048576K
}
Event: 5.675 GC heap after
{Heap after GC invocations=11 (full 0):
 garbage-first heap   total 260096K, used 56313K [0x0000000080000000, 0x0000000100000000)
  region size 1024K, 12 young (12288K), 12 survivors (12288K)
 Metaspace       used 70227K, capacity 71939K, committed 72268K, reserved 1112064K
  class space    used 9148K, capacity 9781K, committed 9856K, reserved 1048576K
}
Event: 6.806 GC heap before
{Heap before GC invocations=12 (full 0):
 garbage-first heap   total 260096K, used 196601K [0x0000000080000000, 0x0000000100000000)
  region size 1024K, 149 young (152576K), 12 survivors (12288K)
 Metaspace       used 80570K, capacity 82783K, committed 82892K, reserved 1120256K
  class space    used 10659K, capacity 11515K, committed 11520K, reserved 1048576K
}
Event: 6.818 GC heap after
{Heap after GC invocations=13 (full 0):
 garbage-first heap   total 260096K, used 65241K [0x0000000080000000, 0x0000000100000000)
  region size 1024K, 9 young (9216K), 9 survivors (9216K)
 Metaspace       used 80570K, capacity 82783K, committed 82892K, reserved 1120256K
  class space    used 10659K, capacity 11515K, committed 11520K, reserved 1048576K
}
Event: 7.806 GC heap before
{Heap before GC invocations=13 (full 0):
 garbage-first heap   total 260096K, used 217817K [0x0000000080000000, 0x0000000100000000)
  region size 1024K, 142 young (145408K), 9 survivors (9216K)
 Metaspace       used 88741K, capacity 91000K, committed 91212K, reserved 1128448K
  class space    used 11531K, capacity 12388K, committed 12416K, reserved 1048576K
}
Event: 7.816 GC heap after
{Heap after GC invocations=14 (full 0):
 garbage-first heap   total 260096K, used 70678K [0x0000000080000000, 0x0000000100000000)
  region size 1024K, 15 young (15360K), 15 survivors (15360K)
 Metaspace       used 88741K, capacity 91000K, committed 91212K, reserved 1128448K
  class space    used 11531K, capacity 12388K, committed 12416K, reserved 1048576K
}
Event: 8.272 GC heap before
{Heap before GC invocations=14 (full 0):
 garbage-first heap   total 260096K, used 203798K [0x0000000080000000, 0x0000000100000000)
  region size 1024K, 146 young (149504K), 15 survivors (15360K)
 Metaspace       used 91392K, capacity 93764K, committed 93900K, reserved 1130496K
  class space    used 11832K, capacity 12737K, committed 12800K, reserved 1048576K
}
Event: 8.285 GC heap after
{Heap after GC invocations=15 (full 0):
 garbage-first heap   total 260096K, used 77741K [0x0000000080000000, 0x0000000100000000)
  region size 1024K, 13 young (13312K), 13 survivors (13312K)
 Metaspace       used 91392K, capacity 93764K, committed 93900K, reserved 1130496K
  class space    used 11832K, capacity 12737K, committed 12800K, reserved 1048576K
}
Event: 8.363 GC heap before
{Heap before GC invocations=15 (full 0):
 garbage-first heap   total 260096K, used 93101K [0x0000000080000000, 0x0000000100000000)
  region size 1024K, 29 young (29696K), 13 survivors (13312K)
 Metaspace       used 92397K, capacity 94727K, committed 94796K, reserved 1138688K
  class space    used 11952K, capacity 12866K, committed 12928K, reserved 1048576K
}

