# JRE version: OpenJDK Runtime Environment (11.0.11+9) (build 11.0.11+9-b60-7590822)
# Java VM: OpenJDK 64-Bit Server VM (11.0.11+9-b60-7590822, mixed mode, tiered, compressed oops, g1 gc, windows-amd64)
Heap:
 garbage-first heap   total 260096K, used 187228K [0x0000000080000000, 0x0000000100000000)
  region size 1024K, 90 young (92160K), 1 survivors (1024K)
 Metaspace       used 133335K, capacity 138019K, committed 138572K, reserved 1169408K
  class space    used 16050K, capacity 17803K, committed 18048K, reserved 1048576K
GC Heap History (20 events):
Event: 4578.985 GC heap before
{Heap before GC invocations=313 (full 0):
 garbage-first heap   total 260096K, used 124083K [0x0000000080000000, 0x0000000100000000)
  region size 1024K, 32 young (32768K), 2 survivors (2048K)
 Metaspace       used 133219K, capacity 137947K, committed 138316K, reserved 1169408K
  class space    used 16050K, capacity 17803K, committed 18048K, reserved 1048576K
}
Event: 4578.997 GC heap after
{Heap after GC invocations=314 (full 0):
 garbage-first heap   total 260096K, used 98736K [0x0000000080000000, 0x0000000100000000)
  region size 1024K, 6 young (6144K), 6 survivors (6144K)
 Metaspace       used 133219K, capacity 137947K, committed 138316K, reserved 1169408K
  class space    used 16050K, capacity 17803K, committed 18048K, reserved 1048576K
}
Event: 4599.599 GC heap before
{Heap before GC invocations=315 (full 0):
 garbage-first heap   total 260096K, used 197040K [0x0000000080000000, 0x0000000100000000)
  region size 1024K, 92 young (94208K), 6 survivors (6144K)
 Metaspace       used 133222K, capacity 137947K, committed 138316K, reserved 1169408K
  class space    used 16050K, capacity 17803K, committed 18048K, reserved 1048576K
}
Event: 4599.610 GC heap after
{Heap after GC invocations=316 (full 0):
 garbage-first heap   total 260096K, used 101923K [0x0000000080000000, 0x0000000100000000)
  region size 1024K, 7 young (7168K), 7 survivors (7168K)
 Metaspace       used 133222K, capacity 137947K, committed 138316K, reserved 1169408K
  class space    used 16050K, capacity 17803K, committed 18048K, reserved 1048576K
}
Event: 4599.636 GC heap before
{Heap before GC invocations=316 (full 0):
 garbage-first heap   total 260096K, used 107043K [0x0000000080000000, 0x0000000100000000)
  region size 1024K, 12 young (12288K), 7 survivors (7168K)
 Metaspace       used 133222K, capacity 137947K, committed 138316K, reserved 1169408K
  class space    used 16050K, capacity 17803K, committed 18048K, reserved 1048576K
}
Event: 4599.648 GC heap after
{Heap after GC invocations=317 (full 0):
 garbage-first heap   total 260096K, used 95061K [0x0000000080000000, 0x0000000100000000)
  region size 1024K, 2 young (2048K), 2 survivors (2048K)
 Metaspace       used 133222K, capacity 137947K, committed 138316K, reserved 1169408K
  class space    used 16050K, capacity 17803K, committed 18048K, reserved 1048576K
}
Event: 4618.580 GC heap before
{Heap before GC invocations=317 (full 0):
 garbage-first heap   total 260096K, used 191317K [0x0000000080000000, 0x0000000100000000)
  region size 1024K, 95 young (97280K), 2 survivors (2048K)
 Metaspace       used 133294K, capacity 138015K, committed 138572K, reserved 1169408K
  class space    used 16050K, capacity 17803K, committed 18048K, reserved 1048576K
}
Event: 4618.598 GC heap after
{Heap after GC invocations=318 (full 0):
 garbage-first heap   total 260096K, used 109522K [0x0000000080000000, 0x0000000100000000)
  region size 1024K, 12 young (12288K), 12 survivors (12288K)
 Metaspace       used 133294K, capacity 138015K, committed 138572K, reserved 1169408K
  class space    used 16050K, capacity 17803K, committed 18048K, reserved 1048576K
}
Event: 4619.526 GC heap before
{Heap before GC invocations=318 (full 0):
 garbage-first heap   total 260096K, used 168914K [0x0000000080000000, 0x0000000100000000)
  region size 1024K, 72 young (73728K), 12 survivors (12288K)
 Metaspace       used 133308K, capacity 138015K, committed 138572K, reserved 1169408K
  class space    used 16050K, capacity 17803K, committed 18048K, reserved 1048576K
}
Event: 4619.549 GC heap after
{Heap after GC invocations=319 (full 0):
 garbage-first heap   total 260096K, used 116183K [0x0000000080000000, 0x0000000100000000)
  region size 1024K, 7 young (7168K), 7 survivors (7168K)
 Metaspace       used 133308K, capacity 138015K, committed 138572K, reserved 1169408K
  class space    used 16050K, capacity 17803K, committed 18048K, reserved 1048576K
}
Event: 4654.119 GC heap before
{Heap before GC invocations=320 (full 0):
 garbage-first heap   total 260096K, used 199127K [0x0000000080000000, 0x0000000100000000)
  region size 1024K, 80 young (81920K), 7 survivors (7168K)
 Metaspace       used 133313K, capacity 138015K, committed 138572K, reserved 1169408K
  class space    used 16050K, capacity 17803K, committed 18048K, reserved 1048576K
}
Event: 4654.134 GC heap after
{Heap after GC invocations=321 (full 0):
 garbage-first heap   total 260096K, used 117694K [0x0000000080000000, 0x0000000100000000)
  region size 1024K, 3 young (3072K), 3 survivors (3072K)
 Metaspace       used 133313K, capacity 138015K, committed 138572K, reserved 1169408K
  class space    used 16050K, capacity 17803K, committed 18048K, reserved 1048576K
}
Event: 4654.158 GC heap before
{Heap before GC invocations=321 (full 0):
 garbage-first heap   total 260096K, used 125886K [0x0000000080000000, 0x0000000100000000)
  region size 1024K, 12 young (12288K), 3 survivors (3072K)
 Metaspace       used 133313K, capacity 138015K, committed 138572K, reserved 1169408K
  class space    used 16050K, capacity 17803K, committed 18048K, reserved 1048576K
}
Event: 4654.177 GC heap after
{Heap after GC invocations=322 (full 0):
 garbage-first heap   total 260096K, used 105282K [0x0000000080000000, 0x0000000100000000)
  region size 1024K, 2 young (2048K), 2 survivors (2048K)
 Metaspace       used 133313K, capacity 138015K, committed 138572K, reserved 1169408K
  class space    used 16050K, capacity 17803K, committed 18048K, reserved 1048576K
}
Event: 4654.398 GC heap before
{Heap before GC invocations=322 (full 0):
 garbage-first heap   total 260096K, used 138050K [0x0000000080000000, 0x0000000100000000)
  region size 1024K, 36 young (36864K), 2 survivors (2048K)
 Metaspace       used 133313K, capacity 138015K, committed 138572K, reserved 1169408K
  class space    used 16050K, capacity 17803K, committed 18048K, reserved 1048576K
}
Event: 4654.413 GC heap after
{Heap after GC invocations=323 (full 0):
 garbage-first heap   total 260096K, used 110013K [0x0000000080000000, 0x0000000100000000)
  region size 1024K, 6 young (6144K), 6 survivors (6144K)
 Metaspace       used 133313K, capacity 138015K, committed 138572K, reserved 1169408K
  class space    used 16050K, capacity 17803K, committed 18048K, reserved 1048576K
}
Event: 4680.933 GC heap before
{Heap before GC invocations=324 (full 0):
 garbage-first heap   total 260096K, used 200125K [0x0000000080000000, 0x0000000100000000)
  region size 1024K, 86 young (88064K), 6 survivors (6144K)
 Metaspace       used 133318K, capacity 138015K, committed 138572K, reserved 1169408K
  class space    used 16050K, capacity 17803K, committed 18048K, reserved 1048576K
}
Event: 4680.941 GC heap after
{Heap after GC invocations=325 (full 0):
 garbage-first heap   total 260096K, used 111180K [0x0000000080000000, 0x0000000100000000)
  region size 1024K, 7 young (7168K), 7 survivors (7168K)
 Metaspace       used 133318K, capacity 138015K, committed 138572K, reserved 1169408K
  class space    used 16050K, capacity 17803K, committed 18048K, reserved 1048576K
}
Event: 4680.958 GC heap before
{Heap before GC invocations=325 (full 0):
 garbage-first heap   total 260096K, used 116300K [0x0000000080000000, 0x0000000100000000)
  region size 1024K, 12 young (12288K), 7 survivors (7168K)
 Metaspace       used 133318K, capacity 138015K, committed 138572K, reserved 1169408K
  class space    used 16050K, capacity 17803K, committed 18048K, reserved 1048576K
}
Event: 4680.966 GC heap after
{Heap after GC invocations=326 (full 0):
 garbage-first heap   total 260096K, used 96092K [0x0000000080000000, 0x0000000100000000)
  region size 1024K, 2 young (2048K), 2 survivors (2048K)
 Metaspace       used 133318K, capacity 138015K, committed 138572K, reserved 1169408K
  class space    used 16050K, capacity 17803K, committed 18048K, reserved 1048576K
}

